<?xml version="1.0" encoding="UTF-8"?>
<testng-results skipped="0" failed="0" ignored="0" total="1" passed="1">
  <reporter-output>
  </reporter-output>
  <suite name="Suite" duration-ms="20537" started-at="2019-03-03T06:39:50Z" finished-at="2019-03-03T06:40:11Z">
    <groups>
    </groups>
    <test name="Test" duration-ms="20537" started-at="2019-03-03T06:39:50Z" finished-at="2019-03-03T06:40:11Z">
      <class name="com.crm.qa.testcases.DisableImagesTest">
        <test-method status="PASS" signature="setUp()[pri:0, instance:com.crm.qa.testcases.DisableImagesTest@4e718207]" name="setUp" is-config="true" duration-ms="18948" started-at="2019-03-03T06:39:50Z" finished-at="2019-03-03T06:40:09Z">
          <reporter-output>
          </reporter-output>
        </test-method> <!-- setUp -->
        <test-method status="PASS" signature="loginPageTitleTest()[pri:1, instance:com.crm.qa.testcases.DisableImagesTest@4e718207]" name="loginPageTitleTest" duration-ms="48" started-at="2019-03-03T06:40:09Z" finished-at="2019-03-03T06:40:09Z">
          <reporter-output>
          </reporter-output>
        </test-method> <!-- loginPageTitleTest -->
        <test-method status="PASS" signature="tearDown()[pri:0, instance:com.crm.qa.testcases.DisableImagesTest@4e718207]" name="tearDown" is-config="true" duration-ms="1509" started-at="2019-03-03T06:40:09Z" finished-at="2019-03-03T06:40:11Z">
          <reporter-output>
          </reporter-output>
        </test-method> <!-- tearDown -->
      </class> <!-- com.crm.qa.testcases.DisableImagesTest -->
    </test> <!-- Test -->
  </suite> <!-- Suite -->
</testng-results>
